[0m00:34:11.342406 [debug] [MainThread]: Sending event: {'category': 'dbt', 'action': 'invocation', 'label': 'start', 'context': [<snowplow_tracker.self_describing_json.SelfDescribingJson object at 0x000002632451E420>, <snowplow_tracker.self_describing_json.SelfDescribingJson object at 0x0000026324034620>, <snowplow_tracker.self_describing_json.SelfDescribingJson object at 0x0000026324037500>]}


============================== 00:34:11.346920 | 3d681e38-65d5-4e46-b2cf-275bf02e6a6d ==============================
[0m00:34:11.346920 [info ] [MainThread]: Running with dbt=1.9.0-b1
[0m00:34:11.347929 [debug] [MainThread]: running dbt with arguments {'printer_width': '80', 'indirect_selection': 'eager', 'log_cache_events': 'False', 'write_json': 'True', 'partial_parse': 'True', 'cache_selected_only': 'False', 'warn_error': 'None', 'version_check': 'True', 'profiles_dir': '../', 'log_path': 'logs', 'fail_fast': 'False', 'debug': 'False', 'use_colors': 'True', 'use_experimental_parser': 'False', 'empty': 'None', 'quiet': 'False', 'no_print': 'None', 'log_format': 'default', 'invocation_command': 'dbt init', 'introspect': 'True', 'warn_error_options': 'WarnErrorOptions(include=[], exclude=[])', 'target_path': 'None', 'static_parser': 'True', 'send_anonymous_usage_stats': 'True'}
[0m00:34:45.083303 [debug] [MainThread]: Starter project path: C:\Users\Eduar\pipeline-etl-python\.venv\Lib\site-packages\dbt\include\starter_project
[0m00:34:45.103345 [info ] [MainThread]: 
Your new dbt project "datawarehouse" was created!

For more information on how to configure the profiles.yml file,
please consult the dbt documentation here:

  https://docs.getdbt.com/docs/configure-your-profile

One more thing:

Need help? Don't hesitate to reach out to us via GitHub issues or on Slack:

  https://community.getdbt.com/

Happy modeling!

[0m00:34:45.105414 [info ] [MainThread]: Setting up your profile.
[0m00:36:31.307545 [info ] [MainThread]: Profile datawarehouse written to ..\profiles.yml using target's profile_template.yml and your supplied values. Run 'dbt debug' to validate the connection.
[0m00:36:31.308547 [debug] [MainThread]: Command `dbt init` succeeded at 00:36:31.308547 after 140.09 seconds
[0m00:36:31.309546 [debug] [MainThread]: Sending event: {'category': 'dbt', 'action': 'invocation', 'label': 'end', 'context': [<snowplow_tracker.self_describing_json.SelfDescribingJson object at 0x000002632451FF20>, <snowplow_tracker.self_describing_json.SelfDescribingJson object at 0x000002632191ABD0>, <snowplow_tracker.self_describing_json.SelfDescribingJson object at 0x00000263246AAE10>]}
[0m00:36:31.309546 [debug] [MainThread]: Flushing usage events
[0m00:36:31.844457 [debug] [MainThread]: An error was encountered while trying to flush usage events
